<?xml version="1.0" encoding="UTF-8"?>
<!-- Generated by org.testng.reporters.JUnitXMLReporter -->
<testsuite ignored="0" hostname="MATHANKUMAR3005" failures="0" tests="2" name="Test1" time="5.293" errors="0" timestamp="2022-09-19T22:34:06 IST">
  <testcase classname="Org.Onlineshopping.GenricUtility.BaseClass" name="@BeforeClass beforeClassSetUp" time="5.2">
    <failure type="org.openqa.selenium.WebDriverException" message="unknown error: net::ERR_INTERNET_DISCONNECTED
  (Session info: chrome=105.0.5195.127)
Build info: version: &amp;apos;4.4.0&amp;apos;, revision: &amp;apos;e5c75ed026a&amp;apos;
System info: host: &amp;apos;MATHANKUMAR3005&amp;apos;, ip: &amp;apos;127.0.0.1&amp;apos;, os.name: &amp;apos;Windows 10&amp;apos;, os.arch: &amp;apos;amd64&amp;apos;, os.version: &amp;apos;10.0&amp;apos;, java.version: &amp;apos;16.0.1&amp;apos;
Driver info: org.openqa.selenium.chrome.ChromeDriver
Command: [60010e0e43248f1690c6b1b0e5107955, get {url=http://rmgtestingserver/domain/Online_Shopping_Application/index.php}]
Capabilities {acceptInsecureCerts: false, browserName: chrome, browserVersion: 105.0.5195.127, chrome: {chromedriverVersion: 105.0.5195.52 (412c95e51883..., userDataDir: C:\Users\MATHAN~1\AppData\L...}, goog:chromeOptions: {debuggerAddress: localhost:64505}, networkConnectionEnabled: false, pageLoadStrategy: normal, platformName: WINDOWS, proxy: Proxy(), se:cdp: ws://localhost:64505/devtoo..., se:cdpVersion: 105.0.5195.127, setWindowRect: true, strictFileInteractability: false, timeouts: {implicit: 0, pageLoad: 300000, script: 30000}, unhandledPromptBehavior: dismiss and notify, webauthn:extension:credBlob: true, webauthn:extension:largeBlob: true, webauthn:virtualAuthenticators: true}
Session ID: 60010e0e43248f1690c6b1b0e5107955">
      <![CDATA[org.openqa.selenium.WebDriverException: unknown error: net::ERR_INTERNET_DISCONNECTED
  (Session info: chrome=105.0.5195.127)
Build info: version: '4.4.0', revision: 'e5c75ed026a'
System info: host: 'MATHANKUMAR3005', ip: '127.0.0.1', os.name: 'Windows 10', os.arch: 'amd64', os.version: '10.0', java.version: '16.0.1'
Driver info: org.openqa.selenium.chrome.ChromeDriver
Command: [60010e0e43248f1690c6b1b0e5107955, get {url=http://rmgtestingserver/domain/Online_Shopping_Application/index.php}]
Capabilities {acceptInsecureCerts: false, browserName: chrome, browserVersion: 105.0.5195.127, chrome: {chromedriverVersion: 105.0.5195.52 (412c95e51883..., userDataDir: C:\Users\MATHAN~1\AppData\L...}, goog:chromeOptions: {debuggerAddress: localhost:64505}, networkConnectionEnabled: false, pageLoadStrategy: normal, platformName: WINDOWS, proxy: Proxy(), se:cdp: ws://localhost:64505/devtoo..., se:cdpVersion: 105.0.5195.127, setWindowRect: true, strictFileInteractability: false, timeouts: {implicit: 0, pageLoad: 300000, script: 30000}, unhandledPromptBehavior: dismiss and notify, webauthn:extension:credBlob: true, webauthn:extension:largeBlob: true, webauthn:virtualAuthenticators: true}
Session ID: 60010e0e43248f1690c6b1b0e5107955
at org.openqa.selenium.remote.codec.w3c.W3CHttpResponseCodec.createException(W3CHttpResponseCodec.java:200)
at org.openqa.selenium.remote.codec.w3c.W3CHttpResponseCodec.decode(W3CHttpResponseCodec.java:133)
at org.openqa.selenium.remote.codec.w3c.W3CHttpResponseCodec.decode(W3CHttpResponseCodec.java:53)
at org.openqa.selenium.remote.HttpCommandExecutor.execute(HttpCommandExecutor.java:184)
at org.openqa.selenium.remote.service.DriverCommandExecutor.invokeExecute(DriverCommandExecutor.java:167)
at org.openqa.selenium.remote.service.DriverCommandExecutor.execute(DriverCommandExecutor.java:142)
at org.openqa.selenium.remote.RemoteWebDriver.execute(RemoteWebDriver.java:547)
at org.openqa.selenium.remote.RemoteWebDriver.get(RemoteWebDriver.java:310)
at Org.Onlineshopping.GenricUtility.WebDriverUtility.getUrl(WebDriverUtility.java:78)
at Org.Onlineshopping.GenricUtility.WebDriverUtility.openTheBrowserWithApplications(WebDriverUtility.java:90)
at Org.Onlineshopping.GenricUtility.BaseClass.beforeClassSetUp(BaseClass.java:121)
at java.base/java.util.concurrent.ThreadPoolExecutor.runWorker(ThreadPoolExecutor.java:1130)
at java.base/java.util.concurrent.ThreadPoolExecutor$Worker.run(ThreadPoolExecutor.java:630)
at java.base/java.lang.Thread.run(Thread.java:831)
... Removed 15 stack frames]]>
    </failure>
  </testcase> <!-- @BeforeClass beforeClassSetUp -->
  <testcase classname="Org.Onlineshopping.GenricUtility.BaseClass" name="@BeforeMethod beforeMethodSetUp" time="-1.663607046376E9">
    <skipped/>
  </testcase> <!-- @BeforeMethod beforeMethodSetUp -->
  <testcase classname="Org.Onlineshopping.GenricUtility.BaseClass" name="@AfterMethod afterMethodSetUp" time="-1.663607046391E9">
    <skipped/>
  </testcase> <!-- @AfterMethod afterMethodSetUp -->
  <testcase classname="Org.Onlineshopping.GenricUtility.BaseClass" name="@AfterClass afterClassSetUp" time="-1.663607046397E9">
    <skipped/>
  </testcase> <!-- @AfterClass afterClassSetUp -->
  <testcase classname="Org.Onlineshopping.GenricUtility.BaseClass" name="@BeforeClass beforeClassSetUp" time="5.256">
    <failure type="org.openqa.selenium.WebDriverException" message="unknown error: net::ERR_INTERNET_DISCONNECTED
  (Session info: chrome=105.0.5195.127)
Build info: version: &amp;apos;4.4.0&amp;apos;, revision: &amp;apos;e5c75ed026a&amp;apos;
System info: host: &amp;apos;MATHANKUMAR3005&amp;apos;, ip: &amp;apos;127.0.0.1&amp;apos;, os.name: &amp;apos;Windows 10&amp;apos;, os.arch: &amp;apos;amd64&amp;apos;, os.version: &amp;apos;10.0&amp;apos;, java.version: &amp;apos;16.0.1&amp;apos;
Driver info: org.openqa.selenium.chrome.ChromeDriver
Command: [c0ac7e8504d3510879b8439598802f80, get {url=http://rmgtestingserver/domain/Online_Shopping_Application/index.php}]
Capabilities {acceptInsecureCerts: false, browserName: chrome, browserVersion: 105.0.5195.127, chrome: {chromedriverVersion: 105.0.5195.52 (412c95e51883..., userDataDir: C:\Users\MATHAN~1\AppData\L...}, goog:chromeOptions: {debuggerAddress: localhost:64506}, networkConnectionEnabled: false, pageLoadStrategy: normal, platformName: WINDOWS, proxy: Proxy(), se:cdp: ws://localhost:64506/devtoo..., se:cdpVersion: 105.0.5195.127, setWindowRect: true, strictFileInteractability: false, timeouts: {implicit: 0, pageLoad: 300000, script: 30000}, unhandledPromptBehavior: dismiss and notify, webauthn:extension:credBlob: true, webauthn:extension:largeBlob: true, webauthn:virtualAuthenticators: true}
Session ID: c0ac7e8504d3510879b8439598802f80">
      <![CDATA[org.openqa.selenium.WebDriverException: unknown error: net::ERR_INTERNET_DISCONNECTED
  (Session info: chrome=105.0.5195.127)
Build info: version: '4.4.0', revision: 'e5c75ed026a'
System info: host: 'MATHANKUMAR3005', ip: '127.0.0.1', os.name: 'Windows 10', os.arch: 'amd64', os.version: '10.0', java.version: '16.0.1'
Driver info: org.openqa.selenium.chrome.ChromeDriver
Command: [c0ac7e8504d3510879b8439598802f80, get {url=http://rmgtestingserver/domain/Online_Shopping_Application/index.php}]
Capabilities {acceptInsecureCerts: false, browserName: chrome, browserVersion: 105.0.5195.127, chrome: {chromedriverVersion: 105.0.5195.52 (412c95e51883..., userDataDir: C:\Users\MATHAN~1\AppData\L...}, goog:chromeOptions: {debuggerAddress: localhost:64506}, networkConnectionEnabled: false, pageLoadStrategy: normal, platformName: WINDOWS, proxy: Proxy(), se:cdp: ws://localhost:64506/devtoo..., se:cdpVersion: 105.0.5195.127, setWindowRect: true, strictFileInteractability: false, timeouts: {implicit: 0, pageLoad: 300000, script: 30000}, unhandledPromptBehavior: dismiss and notify, webauthn:extension:credBlob: true, webauthn:extension:largeBlob: true, webauthn:virtualAuthenticators: true}
Session ID: c0ac7e8504d3510879b8439598802f80
at org.openqa.selenium.remote.codec.w3c.W3CHttpResponseCodec.createException(W3CHttpResponseCodec.java:200)
at org.openqa.selenium.remote.codec.w3c.W3CHttpResponseCodec.decode(W3CHttpResponseCodec.java:133)
at org.openqa.selenium.remote.codec.w3c.W3CHttpResponseCodec.decode(W3CHttpResponseCodec.java:53)
at org.openqa.selenium.remote.HttpCommandExecutor.execute(HttpCommandExecutor.java:184)
at org.openqa.selenium.remote.service.DriverCommandExecutor.invokeExecute(DriverCommandExecutor.java:167)
at org.openqa.selenium.remote.service.DriverCommandExecutor.execute(DriverCommandExecutor.java:142)
at org.openqa.selenium.remote.RemoteWebDriver.execute(RemoteWebDriver.java:547)
at org.openqa.selenium.remote.RemoteWebDriver.get(RemoteWebDriver.java:310)
at Org.Onlineshopping.GenricUtility.WebDriverUtility.getUrl(WebDriverUtility.java:78)
at Org.Onlineshopping.GenricUtility.WebDriverUtility.openTheBrowserWithApplications(WebDriverUtility.java:90)
at Org.Onlineshopping.GenricUtility.BaseClass.beforeClassSetUp(BaseClass.java:121)
at java.base/java.util.concurrent.ThreadPoolExecutor.runWorker(ThreadPoolExecutor.java:1130)
at java.base/java.util.concurrent.ThreadPoolExecutor$Worker.run(ThreadPoolExecutor.java:630)
at java.base/java.lang.Thread.run(Thread.java:831)
... Removed 15 stack frames]]>
    </failure>
  </testcase> <!-- @BeforeClass beforeClassSetUp -->
  <testcase classname="Org.Onlineshopping.GenricUtility.BaseClass" name="@BeforeMethod beforeMethodSetUp" time="-1.66360704643E9">
    <skipped/>
  </testcase> <!-- @BeforeMethod beforeMethodSetUp -->
  <testcase classname="Org.Onlineshopping.GenricUtility.BaseClass" name="@AfterMethod afterMethodSetUp" time="-1.663607046441E9">
    <skipped/>
  </testcase> <!-- @AfterMethod afterMethodSetUp -->
  <testcase classname="Org.Onlineshopping.GenricUtility.BaseClass" name="@AfterClass afterClassSetUp" time="-1.663607046446E9">
    <skipped/>
  </testcase> <!-- @AfterClass afterClassSetUp -->
  <testcase classname="TestNG.TestExecution3Test" name="testexecution3test" time="0.0">
    <skipped/>
  </testcase> <!-- testexecution3test -->
  <testcase classname="TestNG.TestExecution4Test" name="testexecution4test" time="0.0">
    <skipped/>
  </testcase> <!-- testexecution4test -->
</testsuite> <!-- Test1 -->
