<?xml version="1.0" encoding="UTF-8"?>
<!-- Generated by org.testng.reporters.JUnitXMLReporter -->
<testsuite hostname="MATHANKUMAR3005" name="Command line test" tests="9" failures="2" timestamp="19 Sep 2022 11:41:20 GMT" time="44.815" errors="0">
  <testcase name="@AfterClass afterClassSetUp" time="0.0" classname="TestNG.TC3_Test">
    <failure type="org.openqa.selenium.WebDriverException" message="chrome not reachable
  (Session info: chrome=105.0.5195.127)
Build info: version: &amp;apos;4.4.0&amp;apos;, revision: &amp;apos;e5c75ed026a&amp;apos;
System info: host: &amp;apos;MATHANKUMAR3005&amp;apos;, ip: &amp;apos;192.168.0.247&amp;apos;, os.name: &amp;apos;Windows 10&amp;apos;, os.arch: &amp;apos;amd64&amp;apos;, os.version: &amp;apos;10.0&amp;apos;, java.version: &amp;apos;1.8.0_291&amp;apos;
Driver info: org.openqa.selenium.chrome.ChromeDriver
Command: [31d73e3615ceb4e34dba9c77f9be26a3, close {}]
Capabilities {acceptInsecureCerts: false, browserName: chrome, browserVersion: 105.0.5195.127, chrome: {chromedriverVersion: 105.0.5195.52 (412c95e51883..., userDataDir: C:\Users\MATHAN~1\AppData\L...}, goog:chromeOptions: {debuggerAddress: localhost:63651}, networkConnectionEnabled: false, pageLoadStrategy: normal, platformName: WINDOWS, proxy: Proxy(), se:cdp: ws://localhost:63651/devtoo..., se:cdpVersion: 105.0.5195.127, setWindowRect: true, strictFileInteractability: false, timeouts: {implicit: 0, pageLoad: 300000, script: 30000}, unhandledPromptBehavior: dismiss and notify, webauthn:extension:credBlob: true, webauthn:extension:largeBlob: true, webauthn:virtualAuthenticators: true}
Session ID: 31d73e3615ceb4e34dba9c77f9be26a3">
      <![CDATA[org.openqa.selenium.WebDriverException: chrome not reachable
  (Session info: chrome=105.0.5195.127)
Build info: version: '4.4.0', revision: 'e5c75ed026a'
System info: host: 'MATHANKUMAR3005', ip: '192.168.0.247', os.name: 'Windows 10', os.arch: 'amd64', os.version: '10.0', java.version: '1.8.0_291'
Driver info: org.openqa.selenium.chrome.ChromeDriver
Command: [31d73e3615ceb4e34dba9c77f9be26a3, close {}]
Capabilities {acceptInsecureCerts: false, browserName: chrome, browserVersion: 105.0.5195.127, chrome: {chromedriverVersion: 105.0.5195.52 (412c95e51883..., userDataDir: C:\Users\MATHAN~1\AppData\L...}, goog:chromeOptions: {debuggerAddress: localhost:63651}, networkConnectionEnabled: false, pageLoadStrategy: normal, platformName: WINDOWS, proxy: Proxy(), se:cdp: ws://localhost:63651/devtoo..., se:cdpVersion: 105.0.5195.127, setWindowRect: true, strictFileInteractability: false, timeouts: {implicit: 0, pageLoad: 300000, script: 30000}, unhandledPromptBehavior: dismiss and notify, webauthn:extension:credBlob: true, webauthn:extension:largeBlob: true, webauthn:virtualAuthenticators: true}
Session ID: 31d73e3615ceb4e34dba9c77f9be26a3
	at org.openqa.selenium.remote.codec.w3c.W3CHttpResponseCodec.createException(W3CHttpResponseCodec.java:200)
	at org.openqa.selenium.remote.codec.w3c.W3CHttpResponseCodec.decode(W3CHttpResponseCodec.java:133)
	at org.openqa.selenium.remote.codec.w3c.W3CHttpResponseCodec.decode(W3CHttpResponseCodec.java:53)
	at org.openqa.selenium.remote.HttpCommandExecutor.execute(HttpCommandExecutor.java:184)
	at org.openqa.selenium.remote.service.DriverCommandExecutor.invokeExecute(DriverCommandExecutor.java:167)
	at org.openqa.selenium.remote.service.DriverCommandExecutor.execute(DriverCommandExecutor.java:142)
	at org.openqa.selenium.remote.RemoteWebDriver.execute(RemoteWebDriver.java:547)
	at org.openqa.selenium.remote.RemoteWebDriver.execute(RemoteWebDriver.java:602)
	at org.openqa.selenium.remote.RemoteWebDriver.execute(RemoteWebDriver.java:606)
	at org.openqa.selenium.remote.RemoteWebDriver.close(RemoteWebDriver.java:432)
	at Org.Onlineshopping.GenricUtility.WebDriverUtility.closeTheWindow(WebDriverUtility.java:107)
	at Org.Onlineshopping.GenricUtility.BaseClass.afterClassSetUp(BaseClass.java:161)
... Removed 38 stack frames]]>
    </failure>
  </testcase> <!-- @AfterClass afterClassSetUp -->
  <testcase name="@BeforeClass beforeClassSetUp" time="0.0" classname="TestNG.TC4_Test">
    <skipped/>
  </testcase> <!-- @BeforeClass beforeClassSetUp -->
  <testcase name="@BeforeMethod beforeMethodSetUp" time="0.0" classname="TestNG.TC4_Test">
    <skipped/>
  </testcase> <!-- @BeforeMethod beforeMethodSetUp -->
  <testcase name="@AfterMethod afterMethodSetUp" time="0.0" classname="TestNG.TC4_Test">
    <skipped/>
  </testcase> <!-- @AfterMethod afterMethodSetUp -->
  <testcase name="@AfterClass afterClassSetUp" time="0.0" classname="TestNG.TC4_Test">
    <skipped/>
  </testcase> <!-- @AfterClass afterClassSetUp -->
  <testcase name="@BeforeClass beforeClassSetUp" time="0.0" classname="TestNG.TestExecution1Test">
    <skipped/>
  </testcase> <!-- @BeforeClass beforeClassSetUp -->
  <testcase name="@BeforeMethod beforeMethodSetUp" time="0.0" classname="TestNG.TestExecution1Test">
    <skipped/>
  </testcase> <!-- @BeforeMethod beforeMethodSetUp -->
  <testcase name="@AfterMethod afterMethodSetUp" time="0.0" classname="TestNG.TestExecution1Test">
    <skipped/>
  </testcase> <!-- @AfterMethod afterMethodSetUp -->
  <testcase name="@AfterClass afterClassSetUp" time="0.0" classname="TestNG.TestExecution1Test">
    <skipped/>
  </testcase> <!-- @AfterClass afterClassSetUp -->
  <testcase name="@BeforeClass beforeClassSetUp" time="0.0" classname="TestNG.TestExecution2Test">
    <skipped/>
  </testcase> <!-- @BeforeClass beforeClassSetUp -->
  <testcase name="@BeforeMethod beforeMethodSetUp" time="0.0" classname="TestNG.TestExecution2Test">
    <skipped/>
  </testcase> <!-- @BeforeMethod beforeMethodSetUp -->
  <testcase name="@AfterMethod afterMethodSetUp" time="0.0" classname="TestNG.TestExecution2Test">
    <skipped/>
  </testcase> <!-- @AfterMethod afterMethodSetUp -->
  <testcase name="@AfterClass afterClassSetUp" time="0.0" classname="TestNG.TestExecution2Test">
    <skipped/>
  </testcase> <!-- @AfterClass afterClassSetUp -->
  <testcase name="@BeforeClass beforeClassSetUp" time="0.0" classname="TestNG.TestExecution3Test">
    <skipped/>
  </testcase> <!-- @BeforeClass beforeClassSetUp -->
  <testcase name="@BeforeMethod beforeMethodSetUp" time="0.0" classname="TestNG.TestExecution3Test">
    <skipped/>
  </testcase> <!-- @BeforeMethod beforeMethodSetUp -->
  <testcase name="@AfterMethod afterMethodSetUp" time="0.0" classname="TestNG.TestExecution3Test">
    <skipped/>
  </testcase> <!-- @AfterMethod afterMethodSetUp -->
  <testcase name="@AfterClass afterClassSetUp" time="0.0" classname="TestNG.TestExecution3Test">
    <skipped/>
  </testcase> <!-- @AfterClass afterClassSetUp -->
  <testcase name="@BeforeClass beforeClassSetUp" time="0.0" classname="TestNG.TestExecution4Test">
    <skipped/>
  </testcase> <!-- @BeforeClass beforeClassSetUp -->
  <testcase name="@BeforeMethod beforeMethodSetUp" time="0.0" classname="TestNG.TestExecution4Test">
    <skipped/>
  </testcase> <!-- @BeforeMethod beforeMethodSetUp -->
  <testcase name="@AfterMethod afterMethodSetUp" time="0.0" classname="TestNG.TestExecution4Test">
    <skipped/>
  </testcase> <!-- @AfterMethod afterMethodSetUp -->
  <testcase name="@AfterClass afterClassSetUp" time="0.0" classname="TestNG.TestExecution4Test">
    <skipped/>
  </testcase> <!-- @AfterClass afterClassSetUp -->
  <testcase name="tc1_Test" time="2.695" classname="TestNG.TC1_Test"/>
  <testcase name="tc2_Test" time="5.99" classname="TestNG.TC2_Test">
    <failure type="java.lang.IllegalArgumentException" message="Keys to send should be a not null CharSequence">
      <![CDATA[java.lang.IllegalArgumentException: Keys to send should be a not null CharSequence
	at org.openqa.selenium.remote.RemoteWebElement.sendKeys(RemoteWebElement.java:98)
	at org.openqa.selenium.support.pagefactory.internal.LocatingElementHandler.invoke(LocatingElementHandler.java:52)
	at com.sun.proxy.$Proxy14.sendKeys(Unknown Source)
	at Org.Wayfair.POM.TrackOrder.tracTheOrder(TrackOrder.java:26)
	at TestNG.TC2_Test.tc2_Test(TC2_Test.java:38)
... Removed 37 stack frames]]>
    </failure>
  </testcase> <!-- tc2_Test -->
  <testcase name="tc3_Test" time="10.887" classname="TestNG.TC3_Test">
    <failure type="org.openqa.selenium.NoSuchElementException" message="no such element: Unable to locate element: {&amp;quot;method&amp;quot;:&amp;quot;xpath&amp;quot;,&amp;quot;selector&amp;quot;:&amp;quot;//table//tbody/tr/td[last()]//i[@class=&amp;apos;icon-edit&amp;apos;]&amp;quot;}
  (Session info: chrome=105.0.5195.127)
For documentation on this error, please visit: https://selenium.dev/exceptions/#no_such_element
Build info: version: &amp;apos;4.4.0&amp;apos;, revision: &amp;apos;e5c75ed026a&amp;apos;
System info: host: &amp;apos;MATHANKUMAR3005&amp;apos;, ip: &amp;apos;192.168.0.247&amp;apos;, os.name: &amp;apos;Windows 10&amp;apos;, os.arch: &amp;apos;amd64&amp;apos;, os.version: &amp;apos;10.0&amp;apos;, java.version: &amp;apos;1.8.0_291&amp;apos;
Driver info: org.openqa.selenium.chrome.ChromeDriver
Command: [31d73e3615ceb4e34dba9c77f9be26a3, findElement {using=xpath, value=//table//tbody/tr/td[last()]//i[@class=&amp;apos;icon-edit&amp;apos;]}]
Capabilities {acceptInsecureCerts: false, browserName: chrome, browserVersion: 105.0.5195.127, chrome: {chromedriverVersion: 105.0.5195.52 (412c95e51883..., userDataDir: C:\Users\MATHAN~1\AppData\L...}, goog:chromeOptions: {debuggerAddress: localhost:63651}, networkConnectionEnabled: false, pageLoadStrategy: normal, platformName: WINDOWS, proxy: Proxy(), se:cdp: ws://localhost:63651/devtoo..., se:cdpVersion: 105.0.5195.127, setWindowRect: true, strictFileInteractability: false, timeouts: {implicit: 0, pageLoad: 300000, script: 30000}, unhandledPromptBehavior: dismiss and notify, webauthn:extension:credBlob: true, webauthn:extension:largeBlob: true, webauthn:virtualAuthenticators: true}
Session ID: 31d73e3615ceb4e34dba9c77f9be26a3">
      <![CDATA[org.openqa.selenium.NoSuchElementException: no such element: Unable to locate element: {"method":"xpath","selector":"//table//tbody/tr/td[last()]//i[@class='icon-edit']"}
  (Session info: chrome=105.0.5195.127)
For documentation on this error, please visit: https://selenium.dev/exceptions/#no_such_element
Build info: version: '4.4.0', revision: 'e5c75ed026a'
System info: host: 'MATHANKUMAR3005', ip: '192.168.0.247', os.name: 'Windows 10', os.arch: 'amd64', os.version: '10.0', java.version: '1.8.0_291'
Driver info: org.openqa.selenium.chrome.ChromeDriver
Command: [31d73e3615ceb4e34dba9c77f9be26a3, findElement {using=xpath, value=//table//tbody/tr/td[last()]//i[@class='icon-edit']}]
Capabilities {acceptInsecureCerts: false, browserName: chrome, browserVersion: 105.0.5195.127, chrome: {chromedriverVersion: 105.0.5195.52 (412c95e51883..., userDataDir: C:\Users\MATHAN~1\AppData\L...}, goog:chromeOptions: {debuggerAddress: localhost:63651}, networkConnectionEnabled: false, pageLoadStrategy: normal, platformName: WINDOWS, proxy: Proxy(), se:cdp: ws://localhost:63651/devtoo..., se:cdpVersion: 105.0.5195.127, setWindowRect: true, strictFileInteractability: false, timeouts: {implicit: 0, pageLoad: 300000, script: 30000}, unhandledPromptBehavior: dismiss and notify, webauthn:extension:credBlob: true, webauthn:extension:largeBlob: true, webauthn:virtualAuthenticators: true}
Session ID: 31d73e3615ceb4e34dba9c77f9be26a3
	at org.openqa.selenium.remote.codec.w3c.W3CHttpResponseCodec.createException(W3CHttpResponseCodec.java:200)
	at org.openqa.selenium.remote.codec.w3c.W3CHttpResponseCodec.decode(W3CHttpResponseCodec.java:133)
	at org.openqa.selenium.remote.codec.w3c.W3CHttpResponseCodec.decode(W3CHttpResponseCodec.java:53)
	at org.openqa.selenium.remote.HttpCommandExecutor.execute(HttpCommandExecutor.java:184)
	at org.openqa.selenium.remote.service.DriverCommandExecutor.invokeExecute(DriverCommandExecutor.java:167)
	at org.openqa.selenium.remote.service.DriverCommandExecutor.execute(DriverCommandExecutor.java:142)
	at org.openqa.selenium.remote.RemoteWebDriver.execute(RemoteWebDriver.java:547)
	at org.openqa.selenium.remote.ElementLocation$ElementFinder$2.findElement(ElementLocation.java:162)
	at org.openqa.selenium.remote.ElementLocation.findElement(ElementLocation.java:60)
	at org.openqa.selenium.remote.RemoteWebDriver.findElement(RemoteWebDriver.java:365)
	at org.openqa.selenium.remote.RemoteWebDriver.findElement(RemoteWebDriver.java:357)
	at org.openqa.selenium.support.pagefactory.DefaultElementLocator.findElement(DefaultElementLocator.java:70)
	at org.openqa.selenium.support.pagefactory.internal.LocatingElementHandler.invoke(LocatingElementHandler.java:39)
	at com.sun.proxy.$Proxy14.click(Unknown Source)
	at Org.Wayfair.POM.ManageProduts.ProductEditButton(ManageProduts.java:46)
	at TestNG.TC3_Test.tc3_Test(TC3_Test.java:17)
... Removed 38 stack frames]]>
    </failure>
  </testcase> <!-- tc3_Test -->
  <testcase name="tc4_Test" time="0.0" classname="TestNG.TC4_Test">
    <skipped/>
  </testcase> <!-- tc4_Test -->
  <testcase name="testexecution1Test" time="0.0" classname="TestNG.TestExecution1Test">
    <skipped/>
  </testcase> <!-- testexecution1Test -->
  <testcase name="testexecution1test" time="0.0" classname="TestNG.TestExecution2Test">
    <skipped/>
  </testcase> <!-- testexecution1test -->
  <testcase name="testexecution3test" time="0.0" classname="TestNG.TestExecution3Test">
    <skipped/>
  </testcase> <!-- testexecution3test -->
  <testcase name="testexecution4test" time="0.0" classname="TestNG.TestExecution4Test">
    <skipped/>
  </testcase> <!-- testexecution4test -->
  <testcase name="step1" time="0.0" classname="Practice.TestNGpractice"/>
</testsuite> <!-- Command line test -->
