<?xml version="1.0" encoding="UTF-8"?>
<testng-results ignored="0" total="3" passed="2" failed="1" skipped="0">
  <reporter-output>
    <line>
      <![CDATA[1]]>
    </line>
    <line>
      <![CDATA[1]]>
    </line>
    <line>
      <![CDATA[1]]>
    </line>
  </reporter-output>
  <suite started-at="2022-09-21T10:50:51 IST" name="Suite" finished-at="2022-09-21T10:51:10 IST" duration-ms="19069">
    <groups>
    </groups>
    <test started-at="2022-09-21T10:50:51 IST" name="Test" finished-at="2022-09-21T10:51:10 IST" duration-ms="19069">
      <class name="TestNG.TestExecution1Test">
        <test-method is-config="true" signature="beforeClassSetUp()[pri:0, instance:TestNG.TestExecution1Test@38cee291]" started-at="2022-09-21T10:50:51 IST" name="beforeClassSetUp" finished-at="2022-09-21T10:51:04 IST" duration-ms="12520" status="PASS">
          <reporter-output>
          </reporter-output>
        </test-method> <!-- beforeClassSetUp -->
        <test-method is-config="true" signature="beforeMethodSetUp()[pri:0, instance:TestNG.TestExecution1Test@38cee291]" started-at="2022-09-21T10:51:04 IST" name="beforeMethodSetUp" finished-at="2022-09-21T10:51:07 IST" duration-ms="3455" status="PASS">
          <reporter-output>
          </reporter-output>
        </test-method> <!-- beforeMethodSetUp -->
        <test-method signature="testexecution1Test()[pri:0, instance:TestNG.TestExecution1Test@38cee291]" started-at="2022-09-21T10:51:07 IST" name="testexecution1Test" finished-at="2022-09-21T10:51:07 IST" duration-ms="12" status="PASS">
          <reporter-output>
            <line>
              <![CDATA[1]]>
            </line>
          </reporter-output>
        </test-method> <!-- testexecution1Test -->
        <test-method is-config="true" signature="afterMethodSetUp()[pri:0, instance:TestNG.TestExecution1Test@38cee291]" started-at="2022-09-21T10:51:07 IST" name="afterMethodSetUp" finished-at="2022-09-21T10:51:08 IST" duration-ms="461" status="PASS">
          <reporter-output>
          </reporter-output>
        </test-method> <!-- afterMethodSetUp -->
        <test-method is-config="true" signature="beforeMethodSetUp()[pri:0, instance:TestNG.TestExecution1Test@38cee291]" started-at="2022-09-21T10:51:08 IST" name="beforeMethodSetUp" finished-at="2022-09-21T10:51:08 IST" duration-ms="456" status="PASS">
          <reporter-output>
          </reporter-output>
        </test-method> <!-- beforeMethodSetUp -->
        <test-method signature="testexecution1Test2()[pri:0, instance:TestNG.TestExecution1Test@38cee291]" started-at="2022-09-21T10:51:08 IST" name="testexecution1Test2" finished-at="2022-09-21T10:51:08 IST" duration-ms="4" status="FAIL">
          <exception class="java.lang.AssertionError">
            <message>
              <![CDATA[null]]>
            </message>
            <full-stacktrace>
              <![CDATA[java.lang.AssertionError: null
at org.testng.Assert.fail(Assert.java:99)
at org.testng.Assert.fail(Assert.java:106)
at TestNG.TestExecution1Test.testexecution1Test2(TestExecution1Test.java:26)
at java.base/jdk.internal.reflect.NativeMethodAccessorImpl.invoke0(Native Method)
at java.base/jdk.internal.reflect.NativeMethodAccessorImpl.invoke(NativeMethodAccessorImpl.java:78)
at java.base/jdk.internal.reflect.DelegatingMethodAccessorImpl.invoke(DelegatingMethodAccessorImpl.java:43)
at java.base/java.lang.reflect.Method.invoke(Method.java:567)
at org.testng.internal.MethodInvocationHelper.invokeMethod(MethodInvocationHelper.java:133)
at org.testng.internal.TestInvoker.invokeMethod(TestInvoker.java:598)
at org.testng.internal.TestInvoker.invokeTestMethod(TestInvoker.java:173)
at org.testng.internal.MethodRunner.runInSequence(MethodRunner.java:46)
at org.testng.internal.TestInvoker$MethodInvocationAgent.invoke(TestInvoker.java:824)
at org.testng.internal.TestInvoker.invokeTestMethods(TestInvoker.java:146)
at org.testng.internal.TestMethodWorker.invokeTestMethods(TestMethodWorker.java:146)
at org.testng.internal.TestMethodWorker.run(TestMethodWorker.java:128)
at java.base/java.util.ArrayList.forEach(ArrayList.java:1511)
at org.testng.TestRunner.privateRun(TestRunner.java:794)
at org.testng.TestRunner.run(TestRunner.java:596)
at org.testng.SuiteRunner.runTest(SuiteRunner.java:377)
at org.testng.SuiteRunner.runSequentially(SuiteRunner.java:371)
at org.testng.SuiteRunner.privateRun(SuiteRunner.java:332)
at org.testng.SuiteRunner.run(SuiteRunner.java:276)
at org.testng.SuiteRunnerWorker.runSuite(SuiteRunnerWorker.java:53)
at org.testng.SuiteRunnerWorker.run(SuiteRunnerWorker.java:96)
at org.testng.TestNG.runSuitesSequentially(TestNG.java:1212)
at org.testng.TestNG.runSuitesLocally(TestNG.java:1134)
at org.testng.TestNG.runSuites(TestNG.java:1063)
at org.testng.TestNG.run(TestNG.java:1031)
at org.testng.remote.AbstractRemoteTestNG.run(AbstractRemoteTestNG.java:115)
at org.testng.remote.RemoteTestNG.initAndRun(RemoteTestNG.java:251)
at org.testng.remote.RemoteTestNG.main(RemoteTestNG.java:77)
]]>
            </full-stacktrace>
          </exception> <!-- java.lang.AssertionError -->
          <reporter-output>
            <line>
              <![CDATA[1]]>
            </line>
          </reporter-output>
        </test-method> <!-- testexecution1Test2 -->
        <test-method is-config="true" signature="afterMethodSetUp()[pri:0, instance:TestNG.TestExecution1Test@38cee291]" started-at="2022-09-21T10:51:08 IST" name="afterMethodSetUp" finished-at="2022-09-21T10:51:09 IST" duration-ms="429" status="PASS">
          <reporter-output>
          </reporter-output>
        </test-method> <!-- afterMethodSetUp -->
        <test-method is-config="true" signature="beforeMethodSetUp()[pri:0, instance:TestNG.TestExecution1Test@38cee291]" started-at="2022-09-21T10:51:09 IST" name="beforeMethodSetUp" finished-at="2022-09-21T10:51:09 IST" duration-ms="461" status="PASS">
          <reporter-output>
          </reporter-output>
        </test-method> <!-- beforeMethodSetUp -->
        <test-method signature="testexecution1Test3()[pri:0, instance:TestNG.TestExecution1Test@38cee291]" started-at="2022-09-21T10:51:09 IST" name="testexecution1Test3" finished-at="2022-09-21T10:51:09 IST" duration-ms="3" status="PASS">
          <reporter-output>
            <line>
              <![CDATA[1]]>
            </line>
          </reporter-output>
        </test-method> <!-- testexecution1Test3 -->
        <test-method is-config="true" signature="afterMethodSetUp()[pri:0, instance:TestNG.TestExecution1Test@38cee291]" started-at="2022-09-21T10:51:09 IST" name="afterMethodSetUp" finished-at="2022-09-21T10:51:10 IST" duration-ms="483" status="PASS">
          <reporter-output>
          </reporter-output>
        </test-method> <!-- afterMethodSetUp -->
        <test-method is-config="true" signature="afterClassSetUp()[pri:0, instance:TestNG.TestExecution1Test@38cee291]" started-at="2022-09-21T10:51:10 IST" name="afterClassSetUp" finished-at="2022-09-21T10:51:10 IST" duration-ms="117" status="PASS">
          <reporter-output>
          </reporter-output>
        </test-method> <!-- afterClassSetUp -->
      </class> <!-- TestNG.TestExecution1Test -->
    </test> <!-- Test -->
  </suite> <!-- Suite -->
</testng-results>
